diff --git a/failing_tests b/failing_tests
index 606bc5cd0..e69de29bb 100644
--- a/failing_tests
+++ b/failing_tests
@@ -1,82 +0,0 @@
---- org.apache.commons.math.distribution.FDistributionTest::testSmallDegreesOfFreedom$catena_0
-java.lang.IllegalArgumentException: Invalid endpoint parameters:  lowerBound=0.0 initial=-1.0 upperBound=1.7976931348623157E308
-	at org.apache.commons.math.analysis.UnivariateRealSolverUtils.bracket(UnivariateRealSolverUtils.java:179)
-	at org.apache.commons.math.analysis.UnivariateRealSolverUtils.bracket(UnivariateRealSolverUtils.java:128)
-	at org.apache.commons.math.distribution.AbstractContinuousDistribution.inverseCumulativeProbability(AbstractContinuousDistribution.java:84)
-	at org.apache.commons.math.distribution.FDistributionImpl.inverseCumulativeProbability(FDistributionImpl.java:106)
-	at org.apache.commons.math.distribution.FDistributionTest.testSmallDegreesOfFreedom$catena_0(FDistributionTest.java:127)
-	at sun.reflect.NativeMethodAccessorImpl.invoke0(Native Method)
-	at sun.reflect.NativeMethodAccessorImpl.invoke(NativeMethodAccessorImpl.java:62)
-	at sun.reflect.DelegatingMethodAccessorImpl.invoke(DelegatingMethodAccessorImpl.java:43)
-	at java.lang.reflect.Method.invoke(Method.java:498)
-	at junit.framework.TestCase.runTest(TestCase.java:176)
-	at junit.framework.TestCase.runBare(TestCase.java:141)
-	at junit.framework.TestResult$1.protect(TestResult.java:122)
-	at junit.framework.TestResult.runProtected(TestResult.java:142)
-	at junit.framework.TestResult.run(TestResult.java:125)
-	at junit.framework.TestCase.run(TestCase.java:129)
-	at junit.framework.TestSuite.runTest(TestSuite.java:255)
-	at junit.framework.TestSuite.run(TestSuite.java:250)
-	at org.apache.tools.ant.taskdefs.optional.junit.JUnitTestRunner.run(JUnitTestRunner.java:520)
-	at org.apache.tools.ant.taskdefs.optional.junit.JUnitTask.executeInVM(JUnitTask.java:1484)
-	at org.apache.tools.ant.taskdefs.optional.junit.JUnitTask.execute(JUnitTask.java:872)
-	at org.apache.tools.ant.taskdefs.optional.junit.JUnitTask.executeOrQueue(JUnitTask.java:1972)
-	at org.apache.tools.ant.taskdefs.optional.junit.JUnitTask.execute1(JUnitTask.java:824)
-	at org.apache.tools.ant.taskdefs.optional.junit.JUnitTask.execute(JUnitTask.java:2277)
-	at org.apache.tools.ant.UnknownElement.execute(UnknownElement.java:291)
-	at sun.reflect.GeneratedMethodAccessor4.invoke(Unknown Source)
-	at sun.reflect.DelegatingMethodAccessorImpl.invoke(DelegatingMethodAccessorImpl.java:43)
-	at java.lang.reflect.Method.invoke(Method.java:498)
-	at org.apache.tools.ant.dispatch.DispatchUtils.execute(DispatchUtils.java:106)
-	at org.apache.tools.ant.Task.perform(Task.java:348)
-	at org.apache.tools.ant.Target.execute(Target.java:392)
-	at org.apache.tools.ant.Target.performTasks(Target.java:413)
-	at org.apache.tools.ant.Project.executeSortedTargets(Project.java:1399)
-	at org.apache.tools.ant.Project.executeTarget(Project.java:1368)
-	at org.apache.tools.ant.helper.DefaultExecutor.executeTargets(DefaultExecutor.java:41)
-	at org.apache.tools.ant.Project.executeTargets(Project.java:1251)
-	at org.apache.tools.ant.Main.runBuild(Main.java:811)
-	at org.apache.tools.ant.Main.startAnt(Main.java:217)
-	at org.apache.tools.ant.launch.Launcher.run(Launcher.java:280)
-	at org.apache.tools.ant.launch.Launcher.main(Launcher.java:109)
---- org.apache.commons.math.distribution.FDistributionTest::testSmallDegreesOfFreedom$catena_1
-java.lang.IllegalArgumentException: Invalid endpoint parameters:  lowerBound=0.0 initial=-1.0 upperBound=1.7976931348623157E308
-	at org.apache.commons.math.analysis.UnivariateRealSolverUtils.bracket(UnivariateRealSolverUtils.java:179)
-	at org.apache.commons.math.analysis.UnivariateRealSolverUtils.bracket(UnivariateRealSolverUtils.java:128)
-	at org.apache.commons.math.distribution.AbstractContinuousDistribution.inverseCumulativeProbability(AbstractContinuousDistribution.java:84)
-	at org.apache.commons.math.distribution.FDistributionImpl.inverseCumulativeProbability(FDistributionImpl.java:106)
-	at org.apache.commons.math.distribution.FDistributionTest.testSmallDegreesOfFreedom$catena_1(FDistributionTest.java:114)
-	at sun.reflect.NativeMethodAccessorImpl.invoke0(Native Method)
-	at sun.reflect.NativeMethodAccessorImpl.invoke(NativeMethodAccessorImpl.java:62)
-	at sun.reflect.DelegatingMethodAccessorImpl.invoke(DelegatingMethodAccessorImpl.java:43)
-	at java.lang.reflect.Method.invoke(Method.java:498)
-	at junit.framework.TestCase.runTest(TestCase.java:176)
-	at junit.framework.TestCase.runBare(TestCase.java:141)
-	at junit.framework.TestResult$1.protect(TestResult.java:122)
-	at junit.framework.TestResult.runProtected(TestResult.java:142)
-	at junit.framework.TestResult.run(TestResult.java:125)
-	at junit.framework.TestCase.run(TestCase.java:129)
-	at junit.framework.TestSuite.runTest(TestSuite.java:255)
-	at junit.framework.TestSuite.run(TestSuite.java:250)
-	at org.apache.tools.ant.taskdefs.optional.junit.JUnitTestRunner.run(JUnitTestRunner.java:520)
-	at org.apache.tools.ant.taskdefs.optional.junit.JUnitTask.executeInVM(JUnitTask.java:1484)
-	at org.apache.tools.ant.taskdefs.optional.junit.JUnitTask.execute(JUnitTask.java:872)
-	at org.apache.tools.ant.taskdefs.optional.junit.JUnitTask.executeOrQueue(JUnitTask.java:1972)
-	at org.apache.tools.ant.taskdefs.optional.junit.JUnitTask.execute1(JUnitTask.java:824)
-	at org.apache.tools.ant.taskdefs.optional.junit.JUnitTask.execute(JUnitTask.java:2277)
-	at org.apache.tools.ant.UnknownElement.execute(UnknownElement.java:291)
-	at sun.reflect.GeneratedMethodAccessor4.invoke(Unknown Source)
-	at sun.reflect.DelegatingMethodAccessorImpl.invoke(DelegatingMethodAccessorImpl.java:43)
-	at java.lang.reflect.Method.invoke(Method.java:498)
-	at org.apache.tools.ant.dispatch.DispatchUtils.execute(DispatchUtils.java:106)
-	at org.apache.tools.ant.Task.perform(Task.java:348)
-	at org.apache.tools.ant.Target.execute(Target.java:392)
-	at org.apache.tools.ant.Target.performTasks(Target.java:413)
-	at org.apache.tools.ant.Project.executeSortedTargets(Project.java:1399)
-	at org.apache.tools.ant.Project.executeTarget(Project.java:1368)
-	at org.apache.tools.ant.helper.DefaultExecutor.executeTargets(DefaultExecutor.java:41)
-	at org.apache.tools.ant.Project.executeTargets(Project.java:1251)
-	at org.apache.tools.ant.Main.runBuild(Main.java:811)
-	at org.apache.tools.ant.Main.startAnt(Main.java:217)
-	at org.apache.tools.ant.launch.Launcher.run(Launcher.java:280)
-	at org.apache.tools.ant.launch.Launcher.main(Launcher.java:109)
diff --git a/src/java/org/apache/commons/math/distribution/FDistributionImpl.java b/src/java/org/apache/commons/math/distribution/FDistributionImpl.java
index e19e97aef..37ee4fcd3 100644
--- a/src/java/org/apache/commons/math/distribution/FDistributionImpl.java
+++ b/src/java/org/apache/commons/math/distribution/FDistributionImpl.java
@@ -145,7 +145,7 @@ public class FDistributionImpl
         double d = getDenominatorDegreesOfFreedom();
             // use mean
             ret = d / (d - 2.0);
-        return ret;
+        return getDenominatorDegreesOfFreedom();
     }
     
     /**
diff --git a/target/classes/org/apache/commons/math/distribution/AbstractContinuousDistribution$1.class b/target/classes/org/apache/commons/math/distribution/AbstractContinuousDistribution$1.class
index 71ddd6311..dd5307a42 100644
Binary files a/target/classes/org/apache/commons/math/distribution/AbstractContinuousDistribution$1.class and b/target/classes/org/apache/commons/math/distribution/AbstractContinuousDistribution$1.class differ
diff --git a/target/classes/org/apache/commons/math/distribution/FDistributionImpl.class b/target/classes/org/apache/commons/math/distribution/FDistributionImpl.class
index 40a70e702..f81d07b23 100644
Binary files a/target/classes/org/apache/commons/math/distribution/FDistributionImpl.class and b/target/classes/org/apache/commons/math/distribution/FDistributionImpl.class differ